Start testing: Sep 13 19:12 India Standard Time
----------------------------------------------------------
1/3 Testing: core_tests
1/3 Test: core_tests
Command: "C:/Users/HP/Desktop/CV PROJ/E6Data/build/Debug/core_tests.exe"
Directory: C:/Users/HP/Desktop/CV PROJ/E6Data/build
"core_tests" start time: Sep 13 19:12 India Standard Time
Output:
----------------------------------------------------------
Running main() from C:\Users\HP\Desktop\CV PROJ\E6Data\build\_deps\googletest-src\googletest\src\gtest_main.cc
[==========] Running 2 tests from 1 test suite.
[----------] Global test environment set-up.
[----------] 2 tests from SamplingTest
[ RUN      ] SamplingTest.ReservoirSampleShouldHaveCorrectSize
[       OK ] SamplingTest.ReservoirSampleShouldHaveCorrectSize (3 ms)
[ RUN      ] SamplingTest.SimpleRandomSampleIsApproximate
[       OK ] SamplingTest.SimpleRandomSampleIsApproximate (0 ms)
[----------] 2 tests from SamplingTest (3 ms total)

[----------] Global test environment tear-down
[==========] 2 tests from 1 test suite ran. (3 ms total)
[  PASSED  ] 2 tests.
<end of output>
Test time =   0.54 sec
----------------------------------------------------------
Test Passed.
"core_tests" end time: Sep 13 19:12 India Standard Time
"core_tests" time elapsed: 00:00:00
----------------------------------------------------------

2/3 Testing: query_tests
2/3 Test: query_tests
Command: "C:/Users/HP/Desktop/CV PROJ/E6Data/build/Debug/query_tests.exe"
Directory: C:/Users/HP/Desktop/CV PROJ/E6Data/build
"query_tests" start time: Sep 13 19:12 India Standard Time
Output:
----------------------------------------------------------
Running main() from C:\Users\HP\Desktop\CV PROJ\E6Data\build\_deps\googletest-src\googletest\src\gtest_main.cc
[==========] Running 0 tests from 0 test suites.
[==========] 0 tests from 0 test suites ran. (0 ms total)
[  PASSED  ] 0 tests.
<end of output>
Test time =   0.68 sec
----------------------------------------------------------
Test Passed.
"query_tests" end time: Sep 13 19:12 India Standard Time
"query_tests" time elapsed: 00:00:00
----------------------------------------------------------

3/3 Testing: utils_tests
3/3 Test: utils_tests
Command: "C:/Users/HP/Desktop/CV PROJ/E6Data/build/Debug/utils_tests.exe"
Directory: C:/Users/HP/Desktop/CV PROJ/E6Data/build
"utils_tests" start time: Sep 13 19:12 India Standard Time
Output:
----------------------------------------------------------
Running main() from C:\Users\HP\Desktop\CV PROJ\E6Data\build\_deps\googletest-src\googletest\src\gtest_main.cc
[==========] Running 0 tests from 0 test suites.
[==========] 0 tests from 0 test suites ran. (0 ms total)
[  PASSED  ] 0 tests.
<end of output>
Test time =   0.51 sec
----------------------------------------------------------
Test Passed.
"utils_tests" end time: Sep 13 19:12 India Standard Time
"utils_tests" time elapsed: 00:00:00
----------------------------------------------------------

End testing: Sep 13 19:12 India Standard Time
