<?xml version="1.0" encoding="UTF-8"?>
<Site BuildName="(empty)"
	BuildStamp="20250913-0546-Experimental"
	Name="(empty)"
	Generator="ctest-4.1.1"
	CompilerName=""
	CompilerVersion=""
	OSName="Windows"
	Hostname="LAPTOP-6V8A6HP2"
	OSRelease=" Personal"
	OSVersion=" (Build 26100)"
	OSPlatform="AMD64"
	Is64Bits="1"
	VendorString="GenuineIntel"
	VendorID="Intel Corporation"
	FamilyID="6"
	ModelID="10"
	ModelName=""
	ProcessorCacheSize="-1"
	NumberOfLogicalCPU="12"
	NumberOfPhysicalCPU="10"
	TotalVirtualMemory="20298"
	TotalPhysicalMemory="16052"
	LogicalProcessorsPerPhysical="1"
	ProcessorClockFrequency="1300"
	>
	<Testing>
		<StartDateTime>Sep 13 11:26 India Standard Time</StartDateTime>
		<StartTestTime>1757743009</StartTestTime>
		<TestList/>
		<EndDateTime>Sep 13 11:26 India Standard Time</EndDateTime>
		<EndTestTime>1757743009</EndTestTime>
		<ElapsedMinutes>0</ElapsedMinutes>
	</Testing>
</Site>
